切换可用Ip:10.200.0.102:9990
--------------------------扫码登录--------------------------
java.net.SocketTimeoutException: connect timed out
	at java.net.PlainSocketImpl.socketConnect(Native Method)
	at java.net.AbstractPlainSocketImpl.doConnect(AbstractPlainSocketImpl.java:350)
	at java.net.AbstractPlainSocketImpl.connectToAddress(AbstractPlainSocketImpl.java:206)
	at java.net.AbstractPlainSocketImpl.connect(AbstractPlainSocketImpl.java:188)
	at java.net.SocksSocketImpl.connect(SocksSocketImpl.java:392)
	at java.net.Socket.connect(Socket.java:607)
	at sun.net.NetworkClient.doConnect(NetworkClient.java:175)
	at sun.net.www.http.HttpClient.openServer(HttpClient.java:463)
	at sun.net.www.http.HttpClient.openServer(HttpClient.java:558)
	at sun.net.www.http.HttpClient.<init>(HttpClient.java:242)
	at sun.net.www.http.HttpClient.New(HttpClient.java:339)
	at sun.net.www.http.HttpClient.New(HttpClient.java:357)
	at sun.net.www.protocol.http.HttpURLConnection.getNewHttpClient(HttpURLConnection.java:1226)
	at sun.net.www.protocol.http.HttpURLConnection.plainConnect0(HttpURLConnection.java:1162)
	at sun.net.www.protocol.http.HttpURLConnection.plainConnect(HttpURLConnection.java:1056)
	at sun.net.www.protocol.http.HttpURLConnection.connect(HttpURLConnection.java:990)
	at org.jsoup.helper.HttpConnection$Response.execute(HttpConnection.java:732)
	at org.jsoup.helper.HttpConnection$Response.execute(HttpConnection.java:707)
	at org.jsoup.helper.HttpConnection.execute(HttpConnection.java:297)
	at com.lbw.es.RequestUtil.request(RequestUtil.java:75)
	at com.lbw.es.RequestUtil.request(RequestUtil.java:20)
	at com.lbw.es.JdTest.qRCode(JdTest.java:80)
	at com.lbw.es.JdTest.buyProduct(JdTest.java:336)
	at com.lbw.es.JdTest.main(JdTest.java:361)
Exception in thread "main" java.lang.NullPointerException
	at com.lbw.es.JdTest.qRCode(JdTest.java:81)
	at com.lbw.es.JdTest.buyProduct(JdTest.java:336)
	at com.lbw.es.JdTest.main(JdTest.java:361)
